<?xml version="1.0" encoding="UTF-8"?>
<testng-results skipped="0" failed="0" ignored="0" total="1" passed="1">
  <reporter-output>
  </reporter-output>
  <suite name="Default suite" duration-ms="12880" started-at="2021-05-22T18:26:41Z" finished-at="2021-05-22T18:26:54Z">
    <groups>
    </groups>
    <test name="Default test" duration-ms="12880" started-at="2021-05-22T18:26:41Z" finished-at="2021-05-22T18:26:54Z">
      <class name="test.AddCustomerTest">
        <test-method status="PASS" signature="validUserShouldBeAbleToCreateCustomer()[pri:0, instance:test.AddCustomerTest@2a5ca609]" name="validUserShouldBeAbleToCreateCustomer" duration-ms="12803" started-at="2021-05-22T18:26:41Z" finished-at="2021-05-22T18:26:54Z">
          <reporter-output>
          </reporter-output>
        </test-method> <!-- validUserShouldBeAbleToCreateCustomer -->
      </class> <!-- test.AddCustomerTest -->
    </test> <!-- Default test -->
  </suite> <!-- Default suite -->
</testng-results>
